
Started Import Process
# System Details: 
Debug Mode 		: Disabled
Operating System 	: WINNT
Software 		: Apache/2.4.54 (Win64) OpenSSL/1.1.1p PHP/8.2.0
MySQL version 		: 10.4.27
XML Reader 		: Yes
PHP Version 		: 8.2.0
PHP Max Input Vars 	: 1000
PHP Max Post Size 	: 40M
PHP Extension GD 	: Yes
PHP Max Execution Time 	: 120
Max Upload Size 	: 40 ميغابايت
Memory Limit 		: Current memory limit 40M. We recommend setting memory to at least 64M.
Timezone 		: 3

-----

Importing Started! - 16:51:12 UTC
---

WHY IMPORT PROCESS CAN FAIL? READ THIS - 
https://wpastra.com/docs/?p=1314&utm_source=demo-import-panel&utm_campaign=import-error&utm_medium=wp-dashboard

---

Started Import Process
# System Details: 
Debug Mode 		: Disabled
Operating System 	: WINNT
Software 		: Apache/2.4.54 (Win64) OpenSSL/1.1.1p PHP/8.2.0
MySQL version 		: 10.4.27
XML Reader 		: Yes
PHP Version 		: 8.2.0
PHP Max Input Vars 	: 1000
PHP Max Post Size 	: 40M
PHP Extension GD 	: Yes
PHP Max Execution Time 	: 120
Max Upload Size 	: 40 ميغابايت
Memory Limit 		: Current memory limit 40M. We recommend setting memory to at least 64M.
Timezone 		: 3

-----

Importing Started! - 16:54:51 UTC
---

WHY IMPORT PROCESS CAN FAIL? READ THIS - 
https://wpastra.com/docs/?p=1314&utm_source=demo-import-panel&utm_campaign=import-error&utm_medium=wp-dashboard

---
